AH00558: httpd: Could not reliably determine the server's fully qualified domain name, using 172.18.0.2. Set the 'ServerName' directive globally to suppress this message
[Tue May 22 14:08:01.000066 2018] [mpm_event:notice] [pid 1:tid 140014385964928] AH00489: Apache/2.4.33 (Unix) configured -- resuming normal operations
[Tue May 22 14:08:01.001041 2018] [core:notice] [pid 1:tid 140014385964928] AH00094: Command line: 'httpd -D FOREGROUND'
[Tue May 22 18:13:10.841653 2018] [autoindex:error] [pid 9:tid 140014063126272] [client 172.18.0.1:47830] AH01276: Cannot serve directory /usr/local/apache2/htdocs/prod/: No matching DirectoryIndex (index.html,index.js,index.xml,index.php) found, and server-generated directory index forbidden by Options directive
[Tue May 22 18:14:59.332209 2018] [mpm_event:notice] [pid 1:tid 140014385964928] AH00491: caught SIGTERM, shutting down
AH00558: httpd: Could not reliably determine the server's fully qualified domain name, using 172.18.0.2. Set the 'ServerName' directive globally to suppress this message
[Tue May 22 18:15:07.932454 2018] [mpm_event:notice] [pid 1:tid 140159309248384] AH00489: Apache/2.4.33 (Unix) configured -- resuming normal operations
[Tue May 22 18:15:07.933236 2018] [core:notice] [pid 1:tid 140159309248384] AH00094: Command line: 'httpd -D FOREGROUND'
[Tue May 22 19:09:08.497781 2018] [autoindex:error] [pid 10:tid 140159144163072] [client 172.18.0.1:47980] AH01276: Cannot serve directory /usr/local/apache2/htdocs/prod/: No matching DirectoryIndex (index.html,index.js,index.xml,index.php) found, and server-generated directory index forbidden by Options directive
[Tue May 22 19:09:17.057438 2018] [autoindex:error] [pid 8:tid 140158984701696] [client 172.18.0.1:47982] AH01276: Cannot serve directory /usr/local/apache2/htdocs/prod/: No matching DirectoryIndex (index.html,index.js,index.xml,index.php) found, and server-generated directory index forbidden by Options directive
[Tue May 22 19:17:16.283602 2018] [mpm_event:notice] [pid 1:tid 140159309248384] AH00491: caught SIGTERM, shutting down
AH00558: httpd: Could not reliably determine the server's fully qualified domain name, using 172.18.0.2. Set the 'ServerName' directive globally to suppress this message
[Tue May 22 19:17:20.176203 2018] [mpm_event:notice] [pid 1:tid 139907381811072] AH00489: Apache/2.4.33 (Unix) configured -- resuming normal operations
[Tue May 22 19:17:20.178981 2018] [core:notice] [pid 1:tid 139907381811072] AH00094: Command line: 'httpd -D FOREGROUND'
[Tue May 22 19:22:41.749834 2018] [autoindex:error] [pid 9:tid 139907024455424] [client 172.18.0.1:48116] AH01276: Cannot serve directory /usr/local/apache2/htdocs/prod/: No matching DirectoryIndex (index.html,index.js,index.xml,index.php) found, and server-generated directory index forbidden by Options directive
[Tue May 22 19:32:12.163143 2018] [mpm_event:notice] [pid 1:tid 139907381811072] AH00491: caught SIGTERM, shutting down
AH00558: httpd: Could not reliably determine the server's fully qualified domain name, using 172.18.0.3. Set the 'ServerName' directive globally to suppress this message
[Tue May 22 19:33:51.888157 2018] [mpm_event:notice] [pid 1:tid 139904238847872] AH00489: Apache/2.4.33 (Unix) configured -- resuming normal operations
[Tue May 22 19:33:51.888640 2018] [core:notice] [pid 1:tid 139904238847872] AH00094: Command line: 'httpd -D FOREGROUND'
[Tue May 22 20:20:37.443774 2018] [mpm_event:notice] [pid 1:tid 139904238847872] AH00491: caught SIGTERM, shutting down
AH00558: httpd: Could not reliably determine the server's fully qualified domain name, using 172.18.0.3. Set the 'ServerName' directive globally to suppress this message
[Tue May 22 23:33:04.176435 2018] [mpm_event:notice] [pid 1:tid 140079102015360] AH00489: Apache/2.4.33 (Unix) configured -- resuming normal operations
[Tue May 22 23:33:04.177389 2018] [core:notice] [pid 1:tid 140079102015360] AH00094: Command line: 'httpd -D FOREGROUND'
[Wed May 23 01:09:45.891060 2018] [mpm_event:notice] [pid 1:tid 140079102015360] AH00491: caught SIGTERM, shutting down
AH00558: httpd: Could not reliably determine the server's fully qualified domain name, using 172.18.0.2. Set the 'ServerName' directive globally to suppress this message
[Wed May 23 16:28:46.028549 2018] [mpm_event:notice] [pid 1:tid 140127965828992] AH00489: Apache/2.4.33 (Unix) configured -- resuming normal operations
[Wed May 23 16:28:46.031192 2018] [core:notice] [pid 1:tid 140127965828992] AH00094: Command line: 'httpd -D FOREGROUND'
[Wed May 23 19:08:26.242127 2018] [mpm_event:notice] [pid 1:tid 140127965828992] AH00491: caught SIGTERM, shutting down
AH00558: httpd: Could not reliably determine the server's fully qualified domain name, using 172.18.0.2. Set the 'ServerName' directive globally to suppress this message
[Thu May 24 17:31:24.215416 2018] [mpm_event:notice] [pid 1:tid 140017421424512] AH00489: Apache/2.4.33 (Unix) configured -- resuming normal operations
[Thu May 24 17:31:24.217697 2018] [core:notice] [pid 1:tid 140017421424512] AH00094: Command line: 'httpd -D FOREGROUND'
[Thu May 24 19:23:56.368316 2018] [mpm_event:notice] [pid 1:tid 140017421424512] AH00491: caught SIGTERM, shutting down
AH00558: httpd: Could not reliably determine the server's fully qualified domain name, using 172.18.0.2. Set the 'ServerName' directive globally to suppress this message
[Thu May 24 19:24:01.899743 2018] [mpm_event:notice] [pid 1:tid 140321199241088] AH00489: Apache/2.4.33 (Unix) configured -- resuming normal operations
[Thu May 24 19:24:01.900195 2018] [core:notice] [pid 1:tid 140321199241088] AH00094: Command line: 'httpd -D FOREGROUND'
[Thu May 24 19:47:28.586760 2018] [mpm_event:notice] [pid 1:tid 140321199241088] AH00491: caught SIGTERM, shutting down
AH00558: httpd: Could not reliably determine the server's fully qualified domain name, using 172.18.0.2. Set the 'ServerName' directive globally to suppress this message
[Thu May 24 19:47:33.627719 2018] [mpm_event:notice] [pid 1:tid 139755365648256] AH00489: Apache/2.4.33 (Unix) configured -- resuming normal operations
[Thu May 24 19:47:33.628178 2018] [core:notice] [pid 1:tid 139755365648256] AH00094: Command line: 'httpd -D FOREGROUND'
[Fri May 25 11:40:31.576695 2018] [mpm_event:notice] [pid 1:tid 139755365648256] AH00491: caught SIGTERM, shutting down
AH00558: httpd: Could not reliably determine the server's fully qualified domain name, using 172.18.0.3. Set the 'ServerName' directive globally to suppress this message
[Sat May 26 11:27:42.716889 2018] [mpm_event:notice] [pid 1:tid 140230605506432] AH00489: Apache/2.4.33 (Unix) configured -- resuming normal operations
[Sat May 26 11:27:42.718432 2018] [core:notice] [pid 1:tid 140230605506432] AH00094: Command line: 'httpd -D FOREGROUND'
[Sat May 26 12:52:48.865201 2018] [mpm_event:notice] [pid 1:tid 140230605506432] AH00491: caught SIGTERM, shutting down
AH00558: httpd: Could not reliably determine the server's fully qualified domain name, using 172.18.0.3. Set the 'ServerName' directive globally to suppress this message
[Mon May 28 11:41:04.052878 2018] [mpm_event:notice] [pid 1:tid 140092185773952] AH00489: Apache/2.4.33 (Unix) configured -- resuming normal operations
[Mon May 28 11:41:04.054208 2018] [core:notice] [pid 1:tid 140092185773952] AH00094: Command line: 'httpd -D FOREGROUND'
[Mon May 28 13:20:12.533777 2018] [autoindex:error] [pid 10:tid 140091901048576] [client 172.18.0.1:51636] AH01276: Cannot serve directory /usr/local/apache2/htdocs/dev/: No matching DirectoryIndex (index.html,index.js,index.xml,index.php) found, and server-generated directory index forbidden by Options directive, referer: http://localhost:8080/printing-casebooks/
[Mon May 28 13:20:19.607517 2018] [autoindex:error] [pid 8:tid 140091833906944] [client 172.18.0.1:51640] AH01276: Cannot serve directory /usr/local/apache2/htdocs/dev/: No matching DirectoryIndex (index.html,index.js,index.xml,index.php) found, and server-generated directory index forbidden by Options directive, referer: http://localhost:8080/printing-casebooks/
[Mon May 28 13:29:36.201672 2018] [mpm_event:notice] [pid 1:tid 140092185773952] AH00491: caught SIGTERM, shutting down
AH00558: httpd: Could not reliably determine the server's fully qualified domain name, using 172.18.0.2. Set the 'ServerName' directive globally to suppress this message
[Mon May 28 13:43:41.503588 2018] [mpm_event:notice] [pid 1:tid 140423507982208] AH00489: Apache/2.4.33 (Unix) configured -- resuming normal operations
[Mon May 28 13:43:41.504636 2018] [core:notice] [pid 1:tid 140423507982208] AH00094: Command line: 'httpd -D FOREGROUND'
[Mon May 28 14:16:35.412930 2018] [mpm_event:notice] [pid 1:tid 140423507982208] AH00491: caught SIGTERM, shutting down
AH00558: httpd: Could not reliably determine the server's fully qualified domain name, using 172.18.0.2. Set the 'ServerName' directive globally to suppress this message
[Wed May 30 14:20:56.915902 2018] [mpm_event:notice] [pid 1:tid 140037038270336] AH00489: Apache/2.4.33 (Unix) configured -- resuming normal operations
[Wed May 30 14:20:56.917730 2018] [core:notice] [pid 1:tid 140037038270336] AH00094: Command line: 'httpd -D FOREGROUND'
[Wed May 30 19:51:50.287726 2018] [mpm_event:notice] [pid 1:tid 140037038270336] AH00491: caught SIGTERM, shutting down
AH00558: httpd: Could not reliably determine the server's fully qualified domain name, using 172.18.0.2. Set the 'ServerName' directive globally to suppress this message
[Wed May 30 19:51:54.220214 2018] [mpm_event:notice] [pid 1:tid 139979159160704] AH00489: Apache/2.4.33 (Unix) configured -- resuming normal operations
[Wed May 30 19:51:54.222826 2018] [core:notice] [pid 1:tid 139979159160704] AH00094: Command line: 'httpd -D FOREGROUND'
[Thu May 31 18:55:05.772199 2018] [mpm_event:notice] [pid 1:tid 139979159160704] AH00491: caught SIGTERM, shutting down
AH00558: httpd: Could not reliably determine the server's fully qualified domain name, using 172.18.0.2. Set the 'ServerName' directive globally to suppress this message
[Fri Jun 01 16:01:29.452742 2018] [mpm_event:notice] [pid 1:tid 140192646604672] AH00489: Apache/2.4.33 (Unix) configured -- resuming normal operations
[Fri Jun 01 16:01:29.453169 2018] [core:notice] [pid 1:tid 140192646604672] AH00094: Command line: 'httpd -D FOREGROUND'
[Fri Jun 01 16:20:30.796987 2018] [mpm_event:notice] [pid 1:tid 140192646604672] AH00491: caught SIGTERM, shutting down
AH00558: httpd: Could not reliably determine the server's fully qualified domain name, using 172.18.0.2. Set the 'ServerName' directive globally to suppress this message
[Fri Jun 01 16:20:36.467250 2018] [mpm_event:notice] [pid 1:tid 140215618402176] AH00489: Apache/2.4.33 (Unix) configured -- resuming normal operations
[Fri Jun 01 16:20:36.469418 2018] [core:notice] [pid 1:tid 140215618402176] AH00094: Command line: 'httpd -D FOREGROUND'
[Fri Jun 01 18:52:11.235106 2018] [mpm_event:notice] [pid 1:tid 140215618402176] AH00491: caught SIGTERM, shutting down
AH00558: httpd: Could not reliably determine the server's fully qualified domain name, using 172.18.0.2. Set the 'ServerName' directive globally to suppress this message
[Fri Jun 01 18:52:15.063613 2018] [mpm_event:notice] [pid 1:tid 140183539742592] AH00489: Apache/2.4.33 (Unix) configured -- resuming normal operations
[Fri Jun 01 18:52:15.065973 2018] [core:notice] [pid 1:tid 140183539742592] AH00094: Command line: 'httpd -D FOREGROUND'
[Fri Jun 01 19:01:08.220462 2018] [mpm_event:notice] [pid 1:tid 140183539742592] AH00491: caught SIGTERM, shutting down
AH00558: httpd: Could not reliably determine the server's fully qualified domain name, using 172.18.0.2. Set the 'ServerName' directive globally to suppress this message
[Sun Jun 03 09:42:06.293164 2018] [mpm_event:notice] [pid 1:tid 139644609603456] AH00489: Apache/2.4.33 (Unix) configured -- resuming normal operations
[Sun Jun 03 09:42:06.296064 2018] [core:notice] [pid 1:tid 139644609603456] AH00094: Command line: 'httpd -D FOREGROUND'
[Sun Jun 03 12:31:30.461571 2018] [mpm_event:notice] [pid 1:tid 139644609603456] AH00491: caught SIGTERM, shutting down
AH00558: httpd: Could not reliably determine the server's fully qualified domain name, using 172.18.0.2. Set the 'ServerName' directive globally to suppress this message
[Mon Jun 04 15:22:51.610089 2018] [mpm_event:notice] [pid 1:tid 140559978248064] AH00489: Apache/2.4.33 (Unix) configured -- resuming normal operations
[Mon Jun 04 15:22:51.611868 2018] [core:notice] [pid 1:tid 140559978248064] AH00094: Command line: 'httpd -D FOREGROUND'
[Tue Jun 05 20:05:26.218194 2018] [mpm_event:notice] [pid 1:tid 140559978248064] AH00491: caught SIGTERM, shutting down
AH00558: httpd: Could not reliably determine the server's fully qualified domain name, using 172.18.0.2. Set the 'ServerName' directive globally to suppress this message
[Wed Jun 06 11:00:29.685791 2018] [mpm_event:notice] [pid 1:tid 140132073514880] AH00489: Apache/2.4.33 (Unix) configured -- resuming normal operations
[Wed Jun 06 11:00:29.687606 2018] [core:notice] [pid 1:tid 140132073514880] AH00094: Command line: 'httpd -D FOREGROUND'
AH00558: httpd: Could not reliably determine the server's fully qualified domain name, using 172.18.0.3. Set the 'ServerName' directive globally to suppress this message
[Fri Jun 22 23:44:05.243277 2018] [mpm_event:notice] [pid 1:tid 140310260750208] AH00489: Apache/2.4.33 (Unix) configured -- resuming normal operations
[Fri Jun 22 23:44:05.244635 2018] [core:notice] [pid 1:tid 140310260750208] AH00094: Command line: 'httpd -D FOREGROUND'
AH00558: httpd: Could not reliably determine the server's fully qualified domain name, using 172.18.0.2. Set the 'ServerName' directive globally to suppress this message
[Mon Jul 09 14:13:48.806977 2018] [mpm_event:notice] [pid 1:tid 139926023243648] AH00489: Apache/2.4.33 (Unix) configured -- resuming normal operations
[Mon Jul 09 14:13:48.808077 2018] [core:notice] [pid 1:tid 139926023243648] AH00094: Command line: 'httpd -D FOREGROUND'
AH00558: httpd: Could not reliably determine the server's fully qualified domain name, using 172.18.0.3. Set the 'ServerName' directive globally to suppress this message
[Fri Jul 20 18:54:26.070717 2018] [mpm_event:notice] [pid 1:tid 140284553013120] AH00489: Apache/2.4.33 (Unix) configured -- resuming normal operations
[Fri Jul 20 18:54:26.071804 2018] [core:notice] [pid 1:tid 140284553013120] AH00094: Command line: 'httpd -D FOREGROUND'
AH00558: httpd: Could not reliably determine the server's fully qualified domain name, using 172.18.0.2. Set the 'ServerName' directive globally to suppress this message
[Tue Aug 07 20:16:39.398478 2018] [mpm_event:notice] [pid 1:tid 140251756746624] AH00489: Apache/2.4.33 (Unix) configured -- resuming normal operations
[Tue Aug 07 20:16:39.399550 2018] [core:notice] [pid 1:tid 140251756746624] AH00094: Command line: 'httpd -D FOREGROUND'
[Tue Aug 07 20:32:10.848121 2018] [mpm_event:notice] [pid 1:tid 140251756746624] AH00491: caught SIGTERM, shutting down
AH00558: httpd: Could not reliably determine the server's fully qualified domain name, using 172.18.0.3. Set the 'ServerName' directive globally to suppress this message
[Tue Aug 07 20:32:15.081208 2018] [mpm_event:notice] [pid 1:tid 139986149607296] AH00489: Apache/2.4.33 (Unix) configured -- resuming normal operations
[Tue Aug 07 20:32:15.081692 2018] [core:notice] [pid 1:tid 139986149607296] AH00094: Command line: 'httpd -D FOREGROUND'
AH00558: httpd: Could not reliably determine the server's fully qualified domain name, using 172.18.0.2. Set the 'ServerName' directive globally to suppress this message
[Tue Aug 07 20:36:43.666411 2018] [mpm_event:notice] [pid 1:tid 139852656437120] AH00489: Apache/2.4.33 (Unix) configured -- resuming normal operations
[Tue Aug 07 20:36:43.667911 2018] [core:notice] [pid 1:tid 139852656437120] AH00094: Command line: 'httpd -D FOREGROUND'
[Tue Aug 07 20:37:50.439808 2018] [mpm_event:notice] [pid 1:tid 139852656437120] AH00491: caught SIGTERM, shutting down
AH00558: httpd: Could not reliably determine the server's fully qualified domain name, using 172.18.0.2. Set the 'ServerName' directive globally to suppress this message
[Tue Aug 07 20:37:57.445672 2018] [mpm_event:notice] [pid 1:tid 140607976363904] AH00489: Apache/2.4.33 (Unix) configured -- resuming normal operations
[Tue Aug 07 20:37:57.447436 2018] [core:notice] [pid 1:tid 140607976363904] AH00094: Command line: 'httpd -D FOREGROUND'
AH00558: httpd: Could not reliably determine the server's fully qualified domain name, using 172.18.0.3. Set the 'ServerName' directive globally to suppress this message
[Tue Aug 07 20:43:03.807856 2018] [mpm_event:notice] [pid 1:tid 139907444144000] AH00489: Apache/2.4.33 (Unix) configured -- resuming normal operations
[Tue Aug 07 20:43:03.812211 2018] [core:notice] [pid 1:tid 139907444144000] AH00094: Command line: 'httpd -D FOREGROUND'
AH00558: httpd: Could not reliably determine the server's fully qualified domain name, using 172.18.0.2. Set the 'ServerName' directive globally to suppress this message
[Tue Aug 07 21:09:49.037200 2018] [mpm_event:notice] [pid 1:tid 140269406001024] AH00489: Apache/2.4.33 (Unix) configured -- resuming normal operations
[Tue Aug 07 21:09:49.038842 2018] [core:notice] [pid 1:tid 140269406001024] AH00094: Command line: 'httpd -D FOREGROUND'
[Tue Aug 07 21:14:30.966390 2018] [mpm_event:notice] [pid 1:tid 140269406001024] AH00491: caught SIGTERM, shutting down
AH00558: httpd: Could not reliably determine the server's fully qualified domain name, using 172.18.0.2. Set the 'ServerName' directive globally to suppress this message
[Tue Aug 07 21:14:39.431126 2018] [mpm_event:notice] [pid 1:tid 140598605555584] AH00489: Apache/2.4.33 (Unix) configured -- resuming normal operations
[Tue Aug 07 21:14:39.431723 2018] [core:notice] [pid 1:tid 140598605555584] AH00094: Command line: 'httpd -D FOREGROUND'
[Wed Aug 08 15:16:18.885467 2018] [mpm_event:notice] [pid 1:tid 140598605555584] AH00491: caught SIGTERM, shutting down
AH00558: httpd: Could not reliably determine the server's fully qualified domain name, using 172.19.0.3. Set the 'ServerName' directive globally to suppress this message
[Wed Aug 08 15:16:23.198953 2018] [mpm_event:notice] [pid 1:tid 140413698062208] AH00489: Apache/2.4.33 (Unix) configured -- resuming normal operations
[Wed Aug 08 15:16:23.199518 2018] [core:notice] [pid 1:tid 140413698062208] AH00094: Command line: 'httpd -D FOREGROUND'
[Tue Aug 14 15:10:17.380619 2018] [mpm_event:notice] [pid 1:tid 140413698062208] AH00491: caught SIGTERM, shutting down
AH00558: httpd: Could not reliably determine the server's fully qualified domain name, using 172.20.0.3. Set the 'ServerName' directive globally to suppress this message
[Tue Aug 14 15:12:15.167926 2018] [mpm_event:notice] [pid 1:tid 140323561424768] AH00489: Apache/2.4.33 (Unix) configured -- resuming normal operations
[Tue Aug 14 15:12:15.169195 2018] [core:notice] [pid 1:tid 140323561424768] AH00094: Command line: 'httpd -D FOREGROUND'
[Tue Aug 14 16:07:27.233723 2018] [mpm_event:notice] [pid 1:tid 140323561424768] AH00491: caught SIGTERM, shutting down
AH00558: httpd: Could not reliably determine the server's fully qualified domain name, using 172.21.0.3. Set the 'ServerName' directive globally to suppress this message
[Tue Aug 14 16:07:32.081178 2018] [mpm_event:notice] [pid 1:tid 140034628200320] AH00489: Apache/2.4.33 (Unix) configured -- resuming normal operations
[Tue Aug 14 16:07:32.083374 2018] [core:notice] [pid 1:tid 140034628200320] AH00094: Command line: 'httpd -D FOREGROUND'
AH00558: httpd: Could not reliably determine the server's fully qualified domain name, using 172.21.0.3. Set the 'ServerName' directive globally to suppress this message
[Tue Aug 28 16:19:23.545556 2018] [mpm_event:notice] [pid 1:tid 140195108972416] AH00489: Apache/2.4.33 (Unix) configured -- resuming normal operations
[Tue Aug 28 16:19:23.547960 2018] [core:notice] [pid 1:tid 140195108972416] AH00094: Command line: 'httpd -D FOREGROUND'
AH00558: httpd: Could not reliably determine the server's fully qualified domain name, using 172.21.0.2. Set the 'ServerName' directive globally to suppress this message
[Mon Sep 10 18:36:36.982462 2018] [mpm_event:notice] [pid 1:tid 139703443670912] AH00489: Apache/2.4.33 (Unix) configured -- resuming normal operations
[Mon Sep 10 18:36:36.983463 2018] [core:notice] [pid 1:tid 139703443670912] AH00094: Command line: 'httpd -D FOREGROUND'
AH00112: Warning: DocumentRoot [/usr/local/apache2/htdocs/dev] does not exist
AH00112: Warning: DocumentRoot [/usr/local/apache2/htdocs/prod] does not exist
AH00558: httpd: Could not reliably determine the server's fully qualified domain name, using 172.25.0.2. Set the 'ServerName' directive globally to suppress this message
[Tue Sep 25 16:11:32.838117 2018] [mpm_event:notice] [pid 1:tid 139643007297408] AH00489: Apache/2.4.33 (Unix) configured -- resuming normal operations
[Tue Sep 25 16:11:32.842861 2018] [core:notice] [pid 1:tid 139643007297408] AH00094: Command line: 'httpd -D FOREGROUND'
[Tue Sep 25 16:17:11.476839 2018] [mpm_event:notice] [pid 1:tid 139643007297408] AH00491: caught SIGTERM, shutting down
AH00558: httpd: Could not reliably determine the server's fully qualified domain name, using 172.25.0.3. Set the 'ServerName' directive globally to suppress this message
[Tue Sep 25 16:17:15.364744 2018] [mpm_event:notice] [pid 1:tid 139831695157120] AH00489: Apache/2.4.33 (Unix) configured -- resuming normal operations
[Tue Sep 25 16:17:15.365190 2018] [core:notice] [pid 1:tid 139831695157120] AH00094: Command line: 'httpd -D FOREGROUND'
[Tue Sep 25 16:44:32.197680 2018] [mpm_event:notice] [pid 1:tid 139831695157120] AH00491: caught SIGTERM, shutting down
AH00558: httpd: Could not reliably determine the server's fully qualified domain name, using 172.25.0.3. Set the 'ServerName' directive globally to suppress this message
[Tue Sep 25 16:48:00.069253 2018] [mpm_event:notice] [pid 1:tid 140488218576768] AH00489: Apache/2.4.33 (Unix) configured -- resuming normal operations
[Tue Sep 25 16:48:00.072608 2018] [core:notice] [pid 1:tid 140488218576768] AH00094: Command line: 'httpd -D FOREGROUND'
[Tue Sep 25 16:50:05.082548 2018] [mpm_event:notice] [pid 1:tid 140488218576768] AH00491: caught SIGTERM, shutting down
AH00558: httpd: Could not reliably determine the server's fully qualified domain name, using 172.25.0.2. Set the 'ServerName' directive globally to suppress this message
[Tue Sep 25 16:50:16.988460 2018] [mpm_event:notice] [pid 1:tid 139705632450432] AH00489: Apache/2.4.33 (Unix) configured -- resuming normal operations
[Tue Sep 25 16:50:16.990075 2018] [core:notice] [pid 1:tid 139705632450432] AH00094: Command line: 'httpd -D FOREGROUND'
[Tue Sep 25 16:51:37.240231 2018] [mpm_event:notice] [pid 1:tid 139705632450432] AH00491: caught SIGTERM, shutting down
AH00558: httpd: Could not reliably determine the server's fully qualified domain name, using 172.25.0.2. Set the 'ServerName' directive globally to suppress this message
[Tue Sep 25 16:51:39.483711 2018] [mpm_event:notice] [pid 1:tid 140373916940160] AH00489: Apache/2.4.33 (Unix) configured -- resuming normal operations
[Tue Sep 25 16:51:39.488172 2018] [core:notice] [pid 1:tid 140373916940160] AH00094: Command line: 'httpd -D FOREGROUND'
AH00558: httpd: Could not reliably determine the server's fully qualified domain name, using 172.18.0.3. Set the 'ServerName' directive globally to suppress this message
[Thu Sep 27 13:53:42.452534 2018] [mpm_event:notice] [pid 1:tid 140352712898432] AH00489: Apache/2.4.33 (Unix) configured -- resuming normal operations
[Thu Sep 27 13:53:42.454111 2018] [core:notice] [pid 1:tid 140352712898432] AH00094: Command line: 'httpd -D FOREGROUND'
[Thu Sep 27 16:19:51.433704 2018] [mpm_event:notice] [pid 1:tid 140352712898432] AH00491: caught SIGTERM, shutting down
AH00558: httpd: Could not reliably determine the server's fully qualified domain name, using 172.18.0.3. Set the 'ServerName' directive globally to suppress this message
[Thu Sep 27 16:20:05.227193 2018] [mpm_event:notice] [pid 1:tid 139875574376320] AH00489: Apache/2.4.33 (Unix) configured -- resuming normal operations
[Thu Sep 27 16:20:05.229425 2018] [core:notice] [pid 1:tid 139875574376320] AH00094: Command line: 'httpd -D FOREGROUND'
[Fri Sep 28 12:44:35.460599 2018] [mpm_event:notice] [pid 1:tid 139875574376320] AH00491: caught SIGTERM, shutting down
AH00558: httpd: Could not reliably determine the server's fully qualified domain name, using 172.18.0.3. Set the 'ServerName' directive globally to suppress this message
[Fri Sep 28 12:44:39.919488 2018] [mpm_event:notice] [pid 1:tid 139736412030848] AH00489: Apache/2.4.33 (Unix) configured -- resuming normal operations
[Fri Sep 28 12:44:39.920093 2018] [core:notice] [pid 1:tid 139736412030848] AH00094: Command line: 'httpd -D FOREGROUND'
[Mon Oct 01 13:00:19.634696 2018] [mpm_event:notice] [pid 1:tid 139736412030848] AH00491: caught SIGTERM, shutting down
AH00558: httpd: Could not reliably determine the server's fully qualified domain name, using 172.18.0.3. Set the 'ServerName' directive globally to suppress this message
[Mon Oct 01 13:00:26.231689 2018] [mpm_event:notice] [pid 1:tid 140589285320576] AH00489: Apache/2.4.33 (Unix) configured -- resuming normal operations
[Mon Oct 01 13:00:26.233087 2018] [core:notice] [pid 1:tid 140589285320576] AH00094: Command line: 'httpd -D FOREGROUND'
[Mon Oct 01 13:00:33.450665 2018] [mpm_event:notice] [pid 1:tid 140589285320576] AH00491: caught SIGTERM, shutting down
AH00558: httpd: Could not reliably determine the server's fully qualified domain name, using 172.19.0.2. Set the 'ServerName' directive globally to suppress this message
[Mon Oct 01 13:00:43.570655 2018] [mpm_event:notice] [pid 1:tid 139794437818240] AH00489: Apache/2.4.33 (Unix) configured -- resuming normal operations
[Mon Oct 01 13:00:43.572305 2018] [core:notice] [pid 1:tid 139794437818240] AH00094: Command line: 'httpd -D FOREGROUND'
AH00558: httpd: Could not reliably determine the server's fully qualified domain name, using 172.20.0.3. Set the 'ServerName' directive globally to suppress this message
[Mon Oct 01 13:05:58.401778 2018] [mpm_event:notice] [pid 1:tid 140163718829952] AH00489: Apache/2.4.33 (Unix) configured -- resuming normal operations
[Mon Oct 01 13:05:58.403064 2018] [core:notice] [pid 1:tid 140163718829952] AH00094: Command line: 'httpd -D FOREGROUND'
AH00558: httpd: Could not reliably determine the server's fully qualified domain name, using 172.20.0.2. Set the 'ServerName' directive globally to suppress this message
[Mon Oct 01 13:07:03.958207 2018] [mpm_event:notice] [pid 1:tid 139678587234176] AH00489: Apache/2.4.33 (Unix) configured -- resuming normal operations
[Mon Oct 01 13:07:03.961061 2018] [core:notice] [pid 1:tid 139678587234176] AH00094: Command line: 'httpd -D FOREGROUND'
[Mon Oct 01 18:19:30.454945 2018] [autoindex:error] [pid 93:tid 139678309119744] [client 172.20.0.1:34442] AH01276: Cannot serve directory /usr/local/apache2/htdocs/2018/: No matching DirectoryIndex (index.html,index.js,index.xml,index.php) found, and server-generated directory index forbidden by Options directive
